13:48:05.770 mail-to-zentao-demo [main] INFO  com.vst.MailToZentaoDemoApplication - Starting MailToZentaoDemoApplication on DESKTOP-3HP5354 with PID 38452 (D:\workspace_2\mail-to-zentao-demo\target\classes started by V in D:\workspace_2\mail-to-zentao-demo)
13:48:05.839 mail-to-zentao-demo [main] INFO  com.vst.MailToZentaoDemoApplication - The following profiles are active: application-dev.yml
13:48:06.079 mail-to-zentao-demo [main] INFO  o.s.b.w.s.c.AnnotationConfigServletWebServerApplicationContext - Refreshing org.springframework.boot.web.servlet.context.AnnotationConfigServletWebServerApplicationContext@aafcffa: startup date [Mon Jul 08 13:48:06 CST 2019]; root of context hierarchy
13:48:08.576 mail-to-zentao-demo [main] INFO  o.s.b.w.e.tomcat.TomcatWebServer - Tomcat initialized with port(s): 2333 (http)
13:48:08.620 mail-to-zentao-demo [main] INFO  o.a.coyote.http11.Http11NioProtocol - Initializing ProtocolHandler ["http-nio-2333"]
13:48:08.645 mail-to-zentao-demo [main] INFO  o.a.catalina.core.StandardService - Starting service [Tomcat]
13:48:08.646 mail-to-zentao-demo [main] INFO  o.a.catalina.core.StandardEngine - Starting Servlet Engine: Apache Tomcat/8.5.31
13:48:08.663 mail-to-zentao-demo [localhost-startStop-1] INFO  o.a.c.core.AprLifecycleListener - Loaded APR based Apache Tomcat Native library [1.2.16] using APR version [1.6.3].
13:48:08.663 mail-to-zentao-demo [localhost-startStop-1] INFO  o.a.c.core.AprLifecycleListener - APR capabilities: IPv6 [true], sendfile [true], accept filters [false], random [true].
13:48:08.663 mail-to-zentao-demo [localhost-startStop-1] INFO  o.a.c.core.AprLifecycleListener - APR/OpenSSL configuration: useAprConnector [false], useOpenSSL [true]
13:48:09.812 mail-to-zentao-demo [localhost-startStop-1] INFO  o.a.c.core.AprLifecycleListener - OpenSSL successfully initialized [OpenSSL 1.0.2m  2 Nov 2017]
13:48:10.503 mail-to-zentao-demo [localhost-startStop-1] INFO  o.a.c.c.C.[Tomcat].[localhost].[/] - Initializing Spring embedded WebApplicationContext
13:48:10.503 mail-to-zentao-demo [localhost-startStop-1] INFO  o.s.web.context.ContextLoader - Root WebApplicationContext: initialization completed in 4425 ms
13:48:10.734 mail-to-zentao-demo [localhost-startStop-1] INFO  o.s.b.w.s.ServletRegistrationBean - Servlet dispatcherServlet mapped to [/]
13:48:10.760 mail-to-zentao-demo [localhost-startStop-1] INFO  o.s.b.w.s.FilterRegistrationBean - Mapping filter: 'characterEncodingFilter' to: [/*]
13:48:10.760 mail-to-zentao-demo [localhost-startStop-1] INFO  o.s.b.w.s.FilterRegistrationBean - Mapping filter: 'hiddenHttpMethodFilter' to: [/*]
13:48:10.760 mail-to-zentao-demo [localhost-startStop-1] INFO  o.s.b.w.s.FilterRegistrationBean - Mapping filter: 'httpPutFormContentFilter' to: [/*]
13:48:10.760 mail-to-zentao-demo [localhost-startStop-1] INFO  o.s.b.w.s.FilterRegistrationBean - Mapping filter: 'requestContextFilter' to: [/*]
13:48:11.675 mail-to-zentao-demo [main] INFO  o.s.w.s.h.SimpleUrlHandlerMapping - Mapped URL path [/**/favicon.ico] onto handler of type [class org.springframework.web.servlet.resource.ResourceHttpRequestHandler]
13:48:12.158 mail-to-zentao-demo [main] INFO  o.s.w.s.m.m.a.RequestMappingHandlerAdapter - Looking for @ControllerAdvice: org.springframework.boot.web.servlet.context.AnnotationConfigServletWebServerApplicationContext@aafcffa: startup date [Mon Jul 08 13:48:06 CST 2019]; root of context hierarchy
13:48:12.306 mail-to-zentao-demo [main] INFO  o.s.w.s.m.m.a.RequestMappingHandlerMapping - Mapped "{[/error]}" onto public org.springframework.http.ResponseEntity<java.util.Map<java.lang.String, java.lang.Object>> org.springframework.boot.autoconfigure.web.servlet.error.BasicErrorController.error(javax.servlet.http.HttpServletRequest)
13:48:12.308 mail-to-zentao-demo [main] INFO  o.s.w.s.m.m.a.RequestMappingHandlerMapping - Mapped "{[/error],produces=[text/html]}" onto public org.springframework.web.servlet.ModelAndView org.springframework.boot.autoconfigure.web.servlet.error.BasicErrorController.errorHtml(javax.servlet.http.HttpServletRequest,javax.servlet.http.HttpServletResponse)
13:48:12.338 mail-to-zentao-demo [main] INFO  o.s.w.s.h.SimpleUrlHandlerMapping - Mapped URL path [/webjars/**] onto handler of type [class org.springframework.web.servlet.resource.ResourceHttpRequestHandler]
13:48:12.339 mail-to-zentao-demo [main] INFO  o.s.w.s.h.SimpleUrlHandlerMapping - Mapped URL path [/**] onto handler of type [class org.springframework.web.servlet.resource.ResourceHttpRequestHandler]
13:48:12.688 mail-to-zentao-demo [main] INFO  o.s.j.e.a.AnnotationMBeanExporter - Registering beans for JMX exposure on startup
13:48:12.691 mail-to-zentao-demo [main] INFO  o.s.j.e.a.AnnotationMBeanExporter - Bean with name 'dataSource' has been autodetected for JMX exposure
13:48:12.696 mail-to-zentao-demo [main] INFO  o.s.j.e.a.AnnotationMBeanExporter - Located MBean 'dataSource': registering with JMX server as MBean [com.zaxxer.hikari:name=dataSource,type=HikariDataSource]
13:48:12.707 mail-to-zentao-demo [main] INFO  o.s.s.a.ScheduledAnnotationBeanPostProcessor - No TaskScheduler/ScheduledExecutorService bean found for scheduled processing
13:48:12.722 mail-to-zentao-demo [main] INFO  o.a.coyote.http11.Http11NioProtocol - Starting ProtocolHandler ["http-nio-2333"]
13:48:12.739 mail-to-zentao-demo [main] INFO  o.a.tomcat.util.net.NioSelectorPool - Using a shared selector for servlet write/read
13:48:12.782 mail-to-zentao-demo [main] INFO  o.s.b.w.e.tomcat.TomcatWebServer - Tomcat started on port(s): 2333 (http) with context path ''
13:48:12.788 mail-to-zentao-demo [main] INFO  com.vst.MailToZentaoDemoApplication - Started MailToZentaoDemoApplication in 8.809 seconds (JVM running for 13.966)
13:48:39.324 mail-to-zentao-demo [RMI TCP Connection(4)-127.0.0.1] INFO  o.s.b.a.SpringApplicationAdminMXBeanRegistrar$SpringApplicationAdmin - Application shutdown requested.
13:48:39.324 mail-to-zentao-demo [RMI TCP Connection(3)-127.0.0.1] INFO  o.s.b.a.SpringApplicationAdminMXBeanRegistrar$SpringApplicationAdmin - Application shutdown requested.
13:48:39.324 mail-to-zentao-demo [RMI TCP Connection(2)-127.0.0.1] INFO  o.s.b.a.SpringApplicationAdminMXBeanRegistrar$SpringApplicationAdmin - Application shutdown requested.
13:48:39.324 mail-to-zentao-demo [RMI TCP Connection(4)-127.0.0.1] INFO  o.s.b.w.s.c.AnnotationConfigServletWebServerApplicationContext - Closing org.springframework.boot.web.servlet.context.AnnotationConfigServletWebServerApplicationContext@aafcffa: startup date [Mon Jul 08 13:48:06 CST 2019]; root of context hierarchy
13:48:39.331 mail-to-zentao-demo [RMI TCP Connection(4)-127.0.0.1] INFO  o.s.j.e.a.AnnotationMBeanExporter - Unregistering JMX-exposed beans on shutdown
13:48:39.332 mail-to-zentao-demo [RMI TCP Connection(4)-127.0.0.1] INFO  o.s.j.e.a.AnnotationMBeanExporter - Unregistering JMX-exposed beans
13:48:48.736 mail-to-zentao-demo [main] INFO  com.vst.MailToZentaoDemoApplication - Starting MailToZentaoDemoApplication on DESKTOP-3HP5354 with PID 17828 (D:\workspace_2\mail-to-zentao-demo\target\classes started by V in D:\workspace_2\mail-to-zentao-demo)
13:48:48.741 mail-to-zentao-demo [main] INFO  com.vst.MailToZentaoDemoApplication - The following profiles are active: application-dev.yml
13:48:48.844 mail-to-zentao-demo [main] INFO  o.s.b.w.s.c.AnnotationConfigServletWebServerApplicationContext - Refreshing org.springframework.boot.web.servlet.context.AnnotationConfigServletWebServerApplicationContext@58c34bb3: startup date [Mon Jul 08 13:48:48 CST 2019]; root of context hierarchy
13:48:49.899 mail-to-zentao-demo [main] INFO  o.s.b.w.e.tomcat.TomcatWebServer - Tomcat initialized with port(s): 2333 (http)
13:48:49.917 mail-to-zentao-demo [main] INFO  o.a.coyote.http11.Http11NioProtocol - Initializing ProtocolHandler ["http-nio-2333"]
13:48:49.929 mail-to-zentao-demo [main] INFO  o.a.catalina.core.StandardService - Starting service [Tomcat]
13:48:49.929 mail-to-zentao-demo [main] INFO  o.a.catalina.core.StandardEngine - Starting Servlet Engine: Apache Tomcat/8.5.31
13:48:49.938 mail-to-zentao-demo [localhost-startStop-1] INFO  o.a.c.core.AprLifecycleListener - Loaded APR based Apache Tomcat Native library [1.2.16] using APR version [1.6.3].
13:48:49.940 mail-to-zentao-demo [localhost-startStop-1] INFO  o.a.c.core.AprLifecycleListener - APR capabilities: IPv6 [true], sendfile [true], accept filters [false], random [true].
13:48:49.940 mail-to-zentao-demo [localhost-startStop-1] INFO  o.a.c.core.AprLifecycleListener - APR/OpenSSL configuration: useAprConnector [false], useOpenSSL [true]
13:48:51.015 mail-to-zentao-demo [localhost-startStop-1] INFO  o.a.c.core.AprLifecycleListener - OpenSSL successfully initialized [OpenSSL 1.0.2m  2 Nov 2017]
13:48:51.110 mail-to-zentao-demo [localhost-startStop-1] INFO  o.a.c.c.C.[Tomcat].[localhost].[/] - Initializing Spring embedded WebApplicationContext
13:48:51.110 mail-to-zentao-demo [localhost-startStop-1] INFO  o.s.web.context.ContextLoader - Root WebApplicationContext: initialization completed in 2266 ms
13:48:51.324 mail-to-zentao-demo [localhost-startStop-1] INFO  o.s.b.w.s.ServletRegistrationBean - Servlet dispatcherServlet mapped to [/]
13:48:51.353 mail-to-zentao-demo [localhost-startStop-1] INFO  o.s.b.w.s.FilterRegistrationBean - Mapping filter: 'characterEncodingFilter' to: [/*]
13:48:51.354 mail-to-zentao-demo [localhost-startStop-1] INFO  o.s.b.w.s.FilterRegistrationBean - Mapping filter: 'hiddenHttpMethodFilter' to: [/*]
13:48:51.354 mail-to-zentao-demo [localhost-startStop-1] INFO  o.s.b.w.s.FilterRegistrationBean - Mapping filter: 'httpPutFormContentFilter' to: [/*]
13:48:51.354 mail-to-zentao-demo [localhost-startStop-1] INFO  o.s.b.w.s.FilterRegistrationBean - Mapping filter: 'requestContextFilter' to: [/*]
13:48:51.885 mail-to-zentao-demo [main] INFO  o.s.w.s.h.SimpleUrlHandlerMapping - Mapped URL path [/**/favicon.ico] onto handler of type [class org.springframework.web.servlet.resource.ResourceHttpRequestHandler]
13:48:52.101 mail-to-zentao-demo [main] INFO  o.s.w.s.m.m.a.RequestMappingHandlerAdapter - Looking for @ControllerAdvice: org.springframework.boot.web.servlet.context.AnnotationConfigServletWebServerApplicationContext@58c34bb3: startup date [Mon Jul 08 13:48:48 CST 2019]; root of context hierarchy
13:48:52.256 mail-to-zentao-demo [main] INFO  o.s.w.s.m.m.a.RequestMappingHandlerMapping - Mapped "{[/error]}" onto public org.springframework.http.ResponseEntity<java.util.Map<java.lang.String, java.lang.Object>> org.springframework.boot.autoconfigure.web.servlet.error.BasicErrorController.error(javax.servlet.http.HttpServletRequest)
13:48:52.258 mail-to-zentao-demo [main] INFO  o.s.w.s.m.m.a.RequestMappingHandlerMapping - Mapped "{[/error],produces=[text/html]}" onto public org.springframework.web.servlet.ModelAndView org.springframework.boot.autoconfigure.web.servlet.error.BasicErrorController.errorHtml(javax.servlet.http.HttpServletRequest,javax.servlet.http.HttpServletResponse)
13:48:52.288 mail-to-zentao-demo [main] INFO  o.s.w.s.h.SimpleUrlHandlerMapping - Mapped URL path [/webjars/**] onto handler of type [class org.springframework.web.servlet.resource.ResourceHttpRequestHandler]
13:48:52.288 mail-to-zentao-demo [main] INFO  o.s.w.s.h.SimpleUrlHandlerMapping - Mapped URL path [/**] onto handler of type [class org.springframework.web.servlet.resource.ResourceHttpRequestHandler]
13:48:52.556 mail-to-zentao-demo [main] INFO  o.s.j.e.a.AnnotationMBeanExporter - Registering beans for JMX exposure on startup
13:48:52.557 mail-to-zentao-demo [main] INFO  o.s.j.e.a.AnnotationMBeanExporter - Bean with name 'dataSource' has been autodetected for JMX exposure
13:48:52.563 mail-to-zentao-demo [main] INFO  o.s.j.e.a.AnnotationMBeanExporter - Located MBean 'dataSource': registering with JMX server as MBean [com.zaxxer.hikari:name=dataSource,type=HikariDataSource]
13:48:52.573 mail-to-zentao-demo [main] INFO  o.s.s.a.ScheduledAnnotationBeanPostProcessor - No TaskScheduler/ScheduledExecutorService bean found for scheduled processing
13:48:52.580 mail-to-zentao-demo [main] INFO  o.a.coyote.http11.Http11NioProtocol - Starting ProtocolHandler ["http-nio-2333"]
13:48:52.591 mail-to-zentao-demo [main] INFO  o.a.tomcat.util.net.NioSelectorPool - Using a shared selector for servlet write/read
13:48:52.613 mail-to-zentao-demo [main] INFO  o.s.b.w.e.tomcat.TomcatWebServer - Tomcat started on port(s): 2333 (http) with context path ''
13:48:52.620 mail-to-zentao-demo [main] INFO  com.vst.MailToZentaoDemoApplication - Started MailToZentaoDemoApplication in 4.379 seconds (JVM running for 5.394)
13:49:00.058 mail-to-zentao-demo [pool-2-thread-1] INFO  com.vst.service.impl.MailServiceImpl - start connect mail box.
13:49:01.862 mail-to-zentao-demo [pool-2-thread-1] INFO  com.vst.service.impl.MailServiceImpl - connected.
13:49:02.057 mail-to-zentao-demo [pool-2-thread-1] INFO  com.vst.service.impl.MailServiceImpl - getting messages.
13:49:02.057 mail-to-zentao-demo [pool-2-thread-1] INFO  com.vst.service.impl.MailServiceImpl - 邮箱共有: 2 封邮件.
13:49:02.070 mail-to-zentao-demo [pool-2-thread-1] INFO  com.vst.service.impl.MailServiceImpl - 邮箱共有: 2 封未读邮件.
13:49:02.087 mail-to-zentao-demo [pool-2-thread-1] INFO  com.vst.service.impl.MailServiceImpl - 邮箱共删除: 0 封邮件.
13:49:02.087 mail-to-zentao-demo [pool-2-thread-1] INFO  com.vst.service.impl.MailServiceImpl - ================================================

13:49:02.193 mail-to-zentao-demo [pool-2-thread-1] INFO  com.vst.service.impl.MailServiceImpl - 邮件来自: disen.wen@victoria-tech.com
13:49:02.194 mail-to-zentao-demo [pool-2-thread-1] INFO  com.vst.service.impl.MailServiceImpl - 邮件主题: test20190704_2
13:49:02.195 mail-to-zentao-demo [pool-2-thread-1] INFO  com.vst.service.impl.MailServiceImpl - 发送日期: Thu Jul 04 17:08:53 CST 2019
13:49:02.195 mail-to-zentao-demo [pool-2-thread-1] INFO  com.vst.service.impl.MailServiceImpl - 1562231333000
13:49:02.195 mail-to-zentao-demo [pool-2-thread-1] INFO  com.vst.service.impl.MailServiceImpl - 接收日期： null
13:49:02.210 mail-to-zentao-demo [pool-2-thread-1] ERROR o.s.s.s.TaskUtils$LoggingErrorHandler - Unexpected error occurred in scheduled task.
java.lang.NullPointerException: null
	at com.vst.task.TimerTask.workFlow(TimerTask.java:34)
	at sun.reflect.NativeMethodAccessorImpl.invoke0(Native Method)
	at sun.reflect.NativeMethodAccessorImpl.invoke(NativeMethodAccessorImpl.java:62)
	at sun.reflect.DelegatingMethodAccessorImpl.invoke(DelegatingMethodAccessorImpl.java:43)
	at java.lang.reflect.Method.invoke(Method.java:498)
	at org.springframework.scheduling.support.ScheduledMethodRunnable.run(ScheduledMethodRunnable.java:65)
	at org.springframework.scheduling.support.DelegatingErrorHandlingRunnable.run(DelegatingErrorHandlingRunnable.java:54)
	at org.springframework.scheduling.concurrent.ReschedulingRunnable.run(ReschedulingRunnable.java:93)
	at java.util.concurrent.Executors$RunnableAdapter.call(Executors.java:511)
	at java.util.concurrent.FutureTask.run(FutureTask.java:266)
	at java.util.concurrent.ScheduledThreadPoolExecutor$ScheduledFutureTask.access$201(ScheduledThreadPoolExecutor.java:180)
	at java.util.concurrent.ScheduledThreadPoolExecutor$ScheduledFutureTask.run(ScheduledThreadPoolExecutor.java:293)
	at java.util.concurrent.ThreadPoolExecutor.runWorker(ThreadPoolExecutor.java:1149)
	at java.util.concurrent.ThreadPoolExecutor$Worker.run(ThreadPoolExecutor.java:624)
	at java.lang.Thread.run(Thread.java:748)
13:49:34.587 mail-to-zentao-demo [RMI TCP Connection(2)-127.0.0.1] INFO  o.s.b.a.SpringApplicationAdminMXBeanRegistrar$SpringApplicationAdmin - Application shutdown requested.
13:49:34.587 mail-to-zentao-demo [RMI TCP Connection(2)-127.0.0.1] INFO  o.s.b.w.s.c.AnnotationConfigServletWebServerApplicationContext - Closing org.springframework.boot.web.servlet.context.AnnotationConfigServletWebServerApplicationContext@58c34bb3: startup date [Mon Jul 08 13:48:48 CST 2019]; root of context hierarchy
13:49:34.589 mail-to-zentao-demo [RMI TCP Connection(2)-127.0.0.1] INFO  o.s.j.e.a.AnnotationMBeanExporter - Unregistering JMX-exposed beans on shutdown
13:49:34.590 mail-to-zentao-demo [RMI TCP Connection(2)-127.0.0.1] INFO  o.s.j.e.a.AnnotationMBeanExporter - Unregistering JMX-exposed beans
